#
# A fatal error has been detected by the Java Runtime Environment:
#
#  Internal Error (os_windows_x86.cpp:114), pid=4848, tid=5164
#  Error: guarantee(result == -1,"Unexpected result from topLevelExceptionFilter")
#
# JRE version: 6.0_17-b04
# Java VM: Java HotSpot(TM) 64-Bit Server VM (14.3-b01 mixed mode windows-amd64 )
# If you would like to submit a bug report, please visit:
#   http://java.sun.com/webapps/bugreport/crash.jsp
# The crash happened outside the Java Virtual Machine in native code.
# See problematic frame for where to report the bug.
#

---------------  T H R E A D  ---------------

Current thread (0x0000000002325800):  JavaThread "main" [_thread_in_native, id=5164, stack(0x0000000000150000,0x0000000001650000)]

Stack: [0x0000000000150000,0x0000000001650000]
[error occurred during error reporting (printing stack bounds), id 0xc0000005]

Java frames: (J=compiled Java code, j=interpreted, Vv=VM code)
j  com.mathworks.jmi.NativeMatlab.ProcessPendingEvents()Z+0
j  com.mathworks.jmi.NativeMatlab.processPendingEvents()Z+8
j  com.mathworks.jmi.Matlab$ProcessPendingEvents.callBooleanMethod(Ljava/lang/Object;)Z+0
j  com.mathworks.util.FactoryUtils.processPendingEvents()Z+12
j  com.mathworks.mde.desk.MLDesktop.canClose()Z+84
j  com.mathworks.mde.desk.MLDesktop$2.call()Ljava/lang/Boolean;+4
j  com.mathworks.mde.desk.MLDesktop$2.call()Ljava/lang/Object;+1
j  com.mathworks.jmi.Matlab.isOkToExit()Z+54
v  ~StubRoutines::call_stub
j  com.mathworks.jmi.NativeMatlab.SendMatlabMessage(Ljava/lang/Object;)Ljava/lang/Object;+0
j  com.mathworks.jmi.NativeMatlab.sendMatlabMessage(Ljava/lang/Object;)Ljava/lang/Object;+22
j  com.mathworks.jmi.MatlabLooper.sendMatlabMessage(Lcom/mathworks/services/message/MWMessage;)Ljava/lang/Object;+20
j  com.mathworks.jmi.Matlab.mtFevalConsoleOutput(Ljava/lang/String;[Ljava/lang/Object;I)Ljava/lang/Object;+58
j  com.mathworks.mde.desk.MLDesktop$8.run()V+14
j  com.mathworks.jmi.NativeMatlab.dispatchMTRequests(Z)V+50
v  ~StubRoutines::call_stub

---------------  P R O C E S S  ---------------

Java Threads: ( => current thread )
  0x000000003c124000 JavaThread "Image Fetcher 0" daemon [_thread_blocked, id=5504, stack(0x0000000008ce0000,0x0000000008d60000)]
  0x000000003c11b800 JavaThread "Timer queue for AWT thread" daemon [_thread_blocked, id=1904, stack(0x0000000007a10000,0x0000000007a90000)]
  0x000000003c125800 JavaThread "Timer-4" [_thread_blocked, id=5884, stack(0x0000000045ab0000,0x0000000045b30000)]
  0x000000003c123800 JavaThread "Active Reference Queue Daemon" daemon [_thread_blocked, id=6032, stack(0x0000000045c10000,0x0000000045c90000)]
  0x000000003c122000 JavaThread "Timer-3" daemon [_thread_blocked, id=5240, stack(0x0000000045b90000,0x0000000045c10000)]
  0x000000003c122800 JavaThread "Prefs Updater" daemon [_thread_blocked, id=4104, stack(0x0000000045a00000,0x0000000045a80000)]
  0x000000003c11e800 JavaThread "Foxtrot Single Worker Thread #1" daemon [_thread_blocked, id=1096, stack(0x0000000004b20000,0x0000000004ba0000)]
  0x000000003c121000 JavaThread "Timer-1" daemon [_thread_blocked, id=5508, stack(0x000000003d700000,0x000000003d780000)]
  0x000000003c120800 JavaThread "FelixPackageAdmin" daemon [_thread_blocked, id=4800, stack(0x0000000038ab0000,0x0000000038b30000)]
  0x000000003c120000 JavaThread "FelixStartLevel" daemon [_thread_blocked, id=5568, stack(0x0000000010f50000,0x0000000010fd0000)]
  0x000000003c11f000 JavaThread "FelixDispatchQueue" daemon [_thread_blocked, id=4140, stack(0x00000000332f0000,0x0000000033370000)]
  0x000000003c11d800 JavaThread "TimerQueue" daemon [_thread_blocked, id=1976, stack(0x00000000348b0000,0x0000000034930000)]
  0x000000003c11d000 JavaThread "AWT-EventQueue-0" [_thread_blocked, id=5968, stack(0x0000000031c20000,0x0000000031ca0000)]
  0x000000003c11c000 JavaThread "com.google.common.base.internal.Finalizer" daemon [_thread_blocked, id=3516, stack(0x000000000f1d0000,0x000000000f250000)]
  0x000000003c11a800 JavaThread "AWT-Windows" daemon [_thread_in_native, id=4112, stack(0x000000000ff00000,0x000000000ff80000)]
  0x000000003c11a000 JavaThread "AWT-Shutdown" [_thread_blocked, id=5220, stack(0x000000002ae40000,0x000000002aec0000)]
  0x000000003c119000 JavaThread "Java2D Disposer" daemon [_thread_blocked, id=3332, stack(0x000000000fe20000,0x000000000fea0000)]
  0x000000003b9b2800 JavaThread "Timer-0" [_thread_blocked, id=5272, stack(0x0000000009520000,0x00000000095a0000)]
  0x000000003b91e800 JavaThread "JMI Unnamed Thread" [_thread_in_native, id=5816, stack(0x00000000095c0000,0x000000000aac0000)]
  0x000000000f49e000 JavaThread "Low Memory Detector" daemon [_thread_blocked, id=1132, stack(0x000000000c080000,0x000000000c100000)]
  0x000000000f497000 JavaThread "CompilerThread1" daemon [_thread_blocked, id=3776, stack(0x0000000038b30000,0x000000003a030000)]
  0x000000000f491000 JavaThread "CompilerThread0" daemon [_thread_blocked, id=4496, stack(0x00000000375b0000,0x0000000038ab0000)]
  0x000000000f490800 JavaThread "Attach Listener" daemon [_thread_blocked, id=5768, stack(0x000000000aac0000,0x000000000ab40000)]
  0x000000000f432000 JavaThread "Finalizer" daemon [_thread_blocked, id=4676, stack(0x000000000efd0000,0x000000000f050000)]
  0x000000000f42d800 JavaThread "Reference Handler" daemon [_thread_blocked, id=1136, stack(0x000000000f090000,0x000000000f110000)]
=>0x0000000002325800 JavaThread "main" [_thread_in_native, id=5164, stack(0x0000000000150000,0x0000000001650000)]

Other Threads:
  0x000000000f428800 VMThread [stack: 0x0000000035f50000,0x0000000037450000] [id=5144]
  0x000000000f4c2800 WatcherThread [stack: 0x000000003a1e0000,0x000000003b6e0000] [id=5472]

VM state:not at safepoint (normal execution)

VM Mutex/Monitor currently owned by a thread: None

Heap
 PSYoungGen      total 9216K, used 6550K [0x0000000027d20000, 0x0000000028f60000, 0x000000002ae20000)
  eden space 8064K, 67% used [0x0000000027d20000,0x0000000028274018,0x0000000028500000)
  from space 1152K, 94% used [0x0000000028510000,0x00000000286218f8,0x0000000028630000)
  to   space 5312K, 0% used [0x0000000028a30000,0x0000000028a30000,0x0000000028f60000)
 PSOldGen        total 58304K, used 38292K [0x000000001ea20000, 0x0000000022310000, 0x0000000027d20000)
  object space 58304K, 65% used [0x000000001ea20000,0x0000000020f85300,0x0000000022310000)
 PSPermGen       total 69440K, used 55890K [0x0000000016a20000, 0x000000001adf0000, 0x000000001ea20000)
  object space 69440K, 80% used [0x0000000016a20000,0x000000001a0b4a60,0x000000001adf0000)

Dynamic libraries:
0x000000013f480000 - 0x000000013f4a9000 	C:\Program Files\Matlab\R2011a\bin\win64\MATLAB.exe
0x0000000077210000 - 0x00000000773b9000 	C:\Windows\SYSTEM32\ntdll.dll
0x00000000770f0000 - 0x000000007720f000 	C:\Windows\system32\kernel32.dll
0x000007fefd8f0000 - 0x000007fefd95c000 	C:\Windows\system32\KERNELBASE.dll
0x0000000074460000 - 0x0000000074569000 	C:\Program Files\Matlab\R2011a\bin\win64\libut.dll
0x00000000758a0000 - 0x0000000075920000 	C:\Program Files\Matlab\R2011a\bin\win64\libmwi18n.dll
0x0000000180000000 - 0x000000018000b000 	C:\Program Files\Matlab\R2011a\bin\win64\libmwresource_core.dll
0x0000000072bd0000 - 0x0000000072ca3000 	C:\Windows\WinSxS\amd64_microsoft.vc90.crt_1fc8b3b9a1e18e3b_9.0.30729.6161_none_08e61857a83bc251\MSVCP90.dll
0x0000000072cb0000 - 0x0000000072d53000 	C:\Windows\WinSxS\amd64_microsoft.vc90.crt_1fc8b3b9a1e18e3b_9.0.30729.6161_none_08e61857a83bc251\MSVCR90.dll
0x000000007a3b0000 - 0x000000007a3c0000 	C:\Program Files\Matlab\R2011a\bin\win64\boost_date_time-vc90-mt-1_40.dll
0x000000007a170000 - 0x000000007a189000 	C:\Program Files\Matlab\R2011a\bin\win64\boost_filesystem-vc90-mt-1_40.dll
0x000000007a560000 - 0x000000007a569000 	C:\Program Files\Matlab\R2011a\bin\win64\boost_system-vc90-mt-1_40.dll
0x000000007a2d0000 - 0x000000007a2e2000 	C:\Program Files\Matlab\R2011a\bin\win64\boost_thread-vc90-mt-1_40.dll
0x000000007a010000 - 0x000000007a035000 	C:\Program Files\Matlab\R2011a\bin\win64\LIBEXPAT.dll
0x00000000739d0000 - 0x0000000073b8c000 	C:\Program Files\Matlab\R2011a\bin\win64\icuin42.dll
0x00000000740b0000 - 0x0000000074223000 	C:\Program Files\Matlab\R2011a\bin\win64\icuuc42.dll
0x000007feff370000 - 0x000007feff44b000 	C:\Windows\system32\ADVAPI32.dll
0x000007fefe100000 - 0x000007fefe19f000 	C:\Windows\system32\msvcrt.dll
0x000007feff220000 - 0x000007feff23f000 	C:\Windows\SYSTEM32\sechost.dll
0x000007feff240000 - 0x000007feff36d000 	C:\Windows\system32\RPCRT4.dll
0x0000000010000000 - 0x0000000010f47000 	C:\Program Files\Matlab\R2011a\bin\win64\icudt42.dll
0x0000000073f70000 - 0x000000007407d000 	C:\Program Files\Matlab\R2011a\bin\win64\libmwfl.dll
0x0000000001770000 - 0x0000000001803000 	C:\Program Files\Matlab\R2011a\bin\win64\libmwMATLAB_res.dll
0x000000007a250000 - 0x000000007a263000 	C:\Program Files\Matlab\R2011a\bin\win64\boost_signals-vc90-mt-1_40.dll
0x0000000001830000 - 0x0000000001876000 	C:\Program Files\Matlab\R2011a\bin\win64\tbb.dll
0x000007fefdc20000 - 0x000007fefdc39000 	C:\Windows\system32\imagehlp.dll
0x00000000773e0000 - 0x00000000773e7000 	C:\Windows\system32\PSAPI.DLL
0x000000007a3d0000 - 0x000000007a3e3000 	C:\Program Files\Matlab\R2011a\bin\win64\icuio42.dll
0x000007fef6810000 - 0x000007fef6935000 	C:\Windows\system32\dbghelp.dll
0x0000000076ff0000 - 0x00000000770ea000 	C:\Windows\system32\USER32.dll
0x000007fefdf70000 - 0x000007fefdfd7000 	C:\Windows\system32\GDI32.dll
0x000007fefdc40000 - 0x000007fefdc4e000 	C:\Windows\system32\LPK.dll
0x000007feff450000 - 0x000007feff519000 	C:\Windows\system32\USP10.dll
0x000000007bed0000 - 0x000000007c0f5000 	C:\Program Files\Matlab\R2011a\bin\win64\libmwservices.dll
0x0000000075a20000 - 0x0000000075ab2000 	C:\Program Files\Matlab\R2011a\bin\win64\libmx.dll
0x000000007a210000 - 0x000000007a226000 	C:\Program Files\Matlab\R2011a\bin\win64\zlib1.dll
0x0000000074330000 - 0x000000007444b000 	C:\Program Files\Matlab\R2011a\bin\win64\libmwmathutil.dll
0x000000006b230000 - 0x000000006b284000 	C:\Program Files\Matlab\R2011a\bin\win64\mpath.dll
0x000000007b680000 - 0x000000007b982000 	C:\Program Files\Matlab\R2011a\bin\win64\mlutil.dll
0x000000006b1a0000 - 0x000000006b222000 	C:\Program Files\Matlab\R2011a\bin\win64\xmlcore.dll
0x000000007bc30000 - 0x000000007be83000 	C:\Program Files\Matlab\R2011a\bin\win64\xerces-c_2_7.dll
0x000007feff150000 - 0x000007feff19d000 	C:\Windows\system32\WS2_32.dll
0x000007fefef30000 - 0x000007fefef38000 	C:\Windows\system32\NSI.dll
0x000007fefe1a0000 - 0x000007fefef28000 	C:\Windows\system32\SHELL32.dll
0x000007feff1a0000 - 0x000007feff211000 	C:\Windows\system32\SHLWAPI.dll
0x000007fef57a0000 - 0x000007fef5840000 	C:\Windows\WinSxS\amd64_microsoft.windows.common-controls_6595b64144ccf1df_5.82.7601.17514_none_a4d6a923711520a9\COMCTL32.dll
0x000007fefef40000 - 0x000007fefefd7000 	C:\Windows\system32\COMDLG32.dll
0x000007fefb610000 - 0x000007fefb626000 	C:\Windows\system32\NETAPI32.dll
0x000007fefb600000 - 0x000007fefb60c000 	C:\Windows\system32\netutils.dll
0x000007fefd1c0000 - 0x000007fefd1e3000 	C:\Windows\system32\srvcli.dll
0x000007fefb5e0000 - 0x000007fefb5f5000 	C:\Windows\system32\wkscli.dll
0x000007fefdc50000 - 0x000007fefde53000 	C:\Windows\system32\ole32.dll
0x000007fefde60000 - 0x000007fefdf37000 	C:\Windows\system32\OLEAUT32.dll
0x0000000074970000 - 0x0000000074a34000 	C:\Program Files\Matlab\R2011a\bin\win64\mcr.dll
0x0000000075000000 - 0x00000000750e4000 	C:\Program Files\Matlab\R2011a\bin\win64\iqm.dll
0x0000000068b20000 - 0x00000000692bc000 	C:\Program Files\Matlab\R2011a\bin\win64\m_interpreter.dll
0x000000006b420000 - 0x000000006b42f000 	C:\Program Files\Matlab\R2011a\bin\win64\libmex.dll
0x000000006b0f0000 - 0x000000006b194000 	C:\Program Files\Matlab\R2011a\bin\win64\m_dispatcher.dll
0x0000000074880000 - 0x0000000074945000 	C:\Program Files\Matlab\R2011a\bin\win64\boost_regex-vc90-mt-1_40.dll
0x000000006b070000 - 0x000000006b0ef000 	C:\Program Files\Matlab\R2011a\bin\win64\profiler.dll
0x0000000079f40000 - 0x0000000079f6c000 	C:\Program Files\Matlab\R2011a\bin\win64\libmwmathrng.dll
0x000000006b400000 - 0x000000006b420000 	C:\Program Files\Matlab\R2011a\bin\win64\m_pcodeio.dll
0x0000000079b10000 - 0x0000000079b71000 	C:\Program Files\Matlab\R2011a\bin\win64\m_ir.dll
0x0000000069420000 - 0x0000000069a5b000 	C:\Program Files\Matlab\R2011a\bin\win64\m_parser.dll
0x000000006b390000 - 0x000000006b3a9000 	C:\Program Files\Matlab\R2011a\bin\win64\ir_xfmr.dll
0x00000000688d0000 - 0x0000000068b1b000 	C:\Program Files\Matlab\R2011a\bin\win64\mcos.dll
0x0000000071650000 - 0x000000007165c000 	C:\Program Files\Matlab\R2011a\bin\win64\mtok.dll
0x000000006b360000 - 0x000000006b38b000 	C:\Program Files\Matlab\R2011a\bin\win64\m_pcodegen.dll
0x0000000076160000 - 0x00000000761c2000 	C:\Program Files\Matlab\R2011a\bin\win64\libmwspmatrix.dll
0x0000000079fb0000 - 0x0000000079fde000 	C:\Program Files\Matlab\R2011a\bin\win64\libmwbridge.dll
0x000000006afb0000 - 0x000000006b069000 	C:\Program Files\Matlab\R2011a\bin\win64\udd.dll
0x000000006ae60000 - 0x000000006afa1000 	C:\Program Files\Matlab\R2011a\bin\win64\libmwgui.dll
0x000000006b2d0000 - 0x000000006b2e7000 	C:\Program Files\Matlab\R2011a\bin\win64\graphics_util.dll
0x0000000068050000 - 0x00000000688d0000 	C:\Program Files\Matlab\R2011a\bin\win64\hg.dll
0x0000000076100000 - 0x000000007614f000 	C:\Program Files\Matlab\R2011a\bin\win64\libmat.dll
0x0000000001a70000 - 0x0000000001c73000 	C:\Program Files\Matlab\R2011a\bin\win64\libhdf5.dll
0x000000006a140000 - 0x000000006a1bb000 	C:\Program Files\Matlab\R2011a\bin\win64\jmi.dll
0x0000000001ca0000 - 0x0000000001cae000 	C:\Program Files\Matlab\R2011a\bin\win64\nativejava_services.dll
0x000000006b290000 - 0x000000006b2cc000 	C:\Program Files\Matlab\R2011a\bin\win64\libmwhardcopy.dll
0x000000006adb0000 - 0x000000006ae08000 	C:\Program Files\Matlab\R2011a\bin\win64\libuij.dll
0x0000000067e60000 - 0x0000000068043000 	C:\Program Files\Matlab\R2011a\bin\win64\hgdatatypes.dll
0x0000000069360000 - 0x000000006941c000 	C:\Program Files\Matlab\R2011a\bin\win64\hgutils.dll
0x00000000692e0000 - 0x000000006935c000 	C:\Program Files\Matlab\R2011a\bin\win64\libmwlapack.dll
0x000000006ad90000 - 0x000000006ada2000 	C:\Program Files\Matlab\R2011a\bin\win64\libmwbinder.dll
0x000000006b3f0000 - 0x000000006b3fb000 	C:\Program Files\Matlab\R2011a\bin\win64\libmwompwrapper.dll
0x0000000001d30000 - 0x0000000001ff4000 	C:\Program Files\Matlab\R2011a\bin\win64\uiw.dll
0x000000006ae30000 - 0x000000006ae3a000 	C:\Program Files\Matlab\R2011a\bin\win64\uinone.dll
0x0000000067970000 - 0x0000000067e54000 	C:\Windows\WinSxS\amd64_microsoft.vc90.mfc_1fc8b3b9a1e18e3b_9.0.30729.6161_none_044aad0bab1eb146\mfc90.dll
0x000007fefad50000 - 0x000007fefad57000 	C:\Windows\system32\MSIMG32.dll
0x000007fefb7e0000 - 0x000007fefb851000 	C:\Windows\system32\WINSPOOL.DRV
0x00000000678c0000 - 0x0000000067969000 	C:\Program Files\Matlab\R2011a\bin\win64\udd_mi.dll
0x000000006a120000 - 0x000000006a13b000 	C:\Program Files\Matlab\R2011a\bin\win64\mwoles05.DLL
0x0000000067850000 - 0x00000000678be000 	C:\Program Files\Matlab\R2011a\bin\win64\comcli.dll
0x0000000002050000 - 0x000000000207f000 	C:\Windows\WinSxS\amd64_microsoft.vc90.atl_1fc8b3b9a1e18e3b_9.0.30729.6161_none_0a1fd3a3a768b895\ATL90.DLL
0x000000006ae50000 - 0x000000006ae5c000 	C:\Program Files\Matlab\R2011a\bin\win64\mlautoregister.dll
0x0000000002090000 - 0x000000000209d000 	C:\Program Files\Matlab\R2011a\bin\win64\boost_iostreams-vc90-mt-1_40.dll
0x000007fefdf40000 - 0x000007fefdf6e000 	C:\Windows\system32\IMM32.DLL
0x000007feff040000 - 0x000007feff149000 	C:\Windows\system32\MSCTF.dll
0x000007fefc0e0000 - 0x000007fefc136000 	C:\Windows\system32\UxTheme.dll
0x000007fefbb10000 - 0x000007fefbb28000 	C:\Windows\system32\dwmapi.dll
0x00000000021e0000 - 0x00000000021ed000 	C:\Windows\WinSxS\amd64_microsoft.vc90.mfcloc_1fc8b3b9a1e18e3b_9.0.30729.6161_none_01c9581e60cbee58\MFC90ENU.DLL
0x000007fefd670000 - 0x000007fefd67f000 	C:\Windows\system32\profapi.dll
0x000007fefd5a0000 - 0x000007fefd5af000 	C:\Windows\system32\CRYPTBASE.dll
0x000007fefc2c0000 - 0x000007fefc4b4000 	C:\Windows\WinSxS\amd64_microsoft.windows.common-controls_6595b64144ccf1df_6.0.7601.17514_none_fa396087175ac9ac\comctl32.dll
0x000007fefda40000 - 0x000007fefdc17000 	C:\Windows\system32\SETUPAPI.dll
0x000007fefda00000 - 0x000007fefda36000 	C:\Windows\system32\CFGMGR32.dll
0x000007fefd8d0000 - 0x000007fefd8ea000 	C:\Windows\system32\DEVOBJ.dll
0x000007fefdfe0000 - 0x000007fefe079000 	C:\Windows\system32\CLBCatQ.DLL
0x000007fefc140000 - 0x000007fefc26c000 	C:\Windows\system32\propsys.dll
0x000007fefb440000 - 0x000007fefb46d000 	C:\Windows\system32\ntmarta.dll
0x000007fefefe0000 - 0x000007feff032000 	C:\Windows\system32\WLDAP32.dll
0x0000000004260000 - 0x0000000004289000 	C:\Program Files\Matlab\R2011a\bin\win64\tbbmalloc.dll
0x000007fefad10000 - 0x000007fefad37000 	C:\Windows\system32\iphlpapi.dll
0x000007fefad00000 - 0x000007fefad0b000 	C:\Windows\system32\WINNSI.DLL
0x000007fefcd50000 - 0x000007fefcdab000 	C:\Windows\system32\DNSAPI.dll
0x000007fefa900000 - 0x000007fefa918000 	C:\Windows\system32\dhcpcsvc.DLL
0x000007fefa8e0000 - 0x000007fefa8f1000 	C:\Windows\system32\dhcpcsvc6.DLL
0x000007fefd510000 - 0x000007fefd535000 	C:\Windows\system32\SspiCli.dll
0x000000006ae20000 - 0x000000006ae23000 	C:\Windows\system32\icmp.Dll
0x0000000078870000 - 0x0000000078ecd000 	C:\Program Files\Matlab\R2011a\sys\java\jre\win64\jre\bin\server\jvm.dll
0x000007fefb280000 - 0x000007fefb2bb000 	C:\Windows\system32\WINMM.dll
0x000000007a440000 - 0x000000007a44e000 	C:\Program Files\Matlab\R2011a\sys\java\jre\win64\jre\bin\verify.dll
0x000000007a070000 - 0x000000007a097000 	C:\Program Files\Matlab\R2011a\sys\java\jre\win64\jre\bin\java.dll
0x000000007a540000 - 0x000000007a54a000 	C:\Program Files\Matlab\R2011a\sys\java\jre\win64\jre\bin\hpi.dll
0x000000007a370000 - 0x000000007a382000 	C:\Program Files\Matlab\R2011a\sys\java\jre\win64\jre\bin\zip.dll
0x0000000004eb0000 - 0x0000000004f15000 	C:\Program Files\Lenovo\Bluetooth Software\btmmhook.dll
0x0000000075b90000 - 0x0000000075bfb000 	C:\Program Files\Matlab\R2011a\sys\java\jre\win64\jre\bin\fontmanager.dll
0x0000000073150000 - 0x0000000073311000 	C:\Program Files\Matlab\R2011a\sys\java\jre\win64\jre\bin\awt.dll

VM Arguments:
jvm_args: -Xss512k -XX:PermSize=32m -Xms64m -XX:NewRatio=3 -XX:MaxPermSize=128m -Xmx196m -XX:MaxDirectMemorySize=2147400000 -Dsun.java2d.noddraw=true -Dsun.awt.nopixfmt=true -Xshare:off -Xrs -Dsun.awt.disableMixing=true -Djava.library.path=C:\Program Files\Matlab\R2011a\bin\win64 vfprintf abort 
java_command: <unknown>
Launcher Type: generic

Environment Variables:
PATH=C:\Program Files\Common Files\Microsoft Shared\Windows Live;c:\Program Files (x86)\NVIDIA Corporation\PhysX\Common;C:\Windows\system32;C:\Windows;C:\Windows\System32\Wbem;C:\Windows\System32\WindowsPowerShell\v1.0\;C:\Program Files\Lenovo\Bluetooth Software\;C:\Program Files\Lenovo\Bluetooth Software\syswow64;c:\Program Files (x86)\Microsoft SQL Server\90\Tools\binn\;C:\Program Files\SlikSvn\bin\;C:\Program Files\TortoiseSVN\bin;C:\Program Files\Matlab\R2011a\runtime\win64;C:\Program Files\Matlab\R2011a\bin;c:\Program Files (x86)\Microsoft SQL Server\100\Tools\Binn\;c:\Program Files\Microsoft SQL Server\100\Tools\Binn\;c:\Program Files\Microsoft SQL Server\100\DTS\Binn\;C:\Program Files\Microsoft Windows Performance Toolkit\
USERNAME=Loren
OS=Windows_NT
PROCESSOR_IDENTIFIER=Intel64 Family 6 Model 30 Stepping 5, GenuineIntel



---------------  S Y S T E M  ---------------

OS: Windows 7 Build 7601 Service Pack 1

CPU:total 8 (8 cores per cpu, 2 threads per core) family 6 model 30 stepping 5, cmov, cx8, fxsr, mmx, sse, sse2, sse3, ssse3, sse4.1, sse4.2, ht

Memory: 4k page, physical 4184940k(1718136k free), swap 8368028k(5567656k free)

vm_info: Java HotSpot(TM) 64-Bit Server VM (14.3-b01) for windows-amd64 JRE (1.6.0_17-b04), built on Oct 11 2009 00:46:08 by "java_re" with MS VC++ 8.0

time: Tue Apr 17 15:37:16 2012
elapsed time: 1610 seconds

