#
# A fatal error has been detected by the Java Runtime Environment:
#
#  Internal Error (os_windows_x86.cpp:114), pid=5980, tid=4956
#  Error: guarantee(result == -1,"Unexpected result from topLevelExceptionFilter")
#
# JRE version: 6.0_17-b04
# Java VM: Java HotSpot(TM) 64-Bit Server VM (14.3-b01 mixed mode windows-amd64 )
# If you would like to submit a bug report, please visit:
#   http://java.sun.com/webapps/bugreport/crash.jsp
# The crash happened outside the Java Virtual Machine in native code.
# See problematic frame for where to report the bug.
#

---------------  T H R E A D  ---------------

Current thread (0x0000000002475800):  JavaThread "main" [_thread_in_native, id=4956, stack(0x0000000000200000,0x0000000001700000)]

Stack: [0x0000000000200000,0x0000000001700000]
[error occurred during error reporting (printing stack bounds), id 0xc0000005]

Java frames: (J=compiled Java code, j=interpreted, Vv=VM code)
j  com.mathworks.jmi.NativeMatlab.ProcessPendingEvents()Z+0
j  com.mathworks.jmi.NativeMatlab.processPendingEvents()Z+8
j  com.mathworks.jmi.Matlab$ProcessPendingEvents.callBooleanMethod(Ljava/lang/Object;)Z+0
j  com.mathworks.util.FactoryUtils.processPendingEvents()Z+12
j  com.mathworks.mde.desk.MLDesktop.canClose()Z+84
j  com.mathworks.mde.desk.MLDesktop$2.call()Ljava/lang/Boolean;+4
j  com.mathworks.mde.desk.MLDesktop$2.call()Ljava/lang/Object;+1
j  com.mathworks.jmi.Matlab.isOkToExit()Z+54
v  ~StubRoutines::call_stub
j  com.mathworks.jmi.NativeMatlab.SendMatlabMessage(Ljava/lang/Object;)Ljava/lang/Object;+0
j  com.mathworks.jmi.NativeMatlab.sendMatlabMessage(Ljava/lang/Object;)Ljava/lang/Object;+22
j  com.mathworks.jmi.MatlabLooper.sendMatlabMessage(Lcom/mathworks/services/message/MWMessage;)Ljava/lang/Object;+20
j  com.mathworks.jmi.Matlab.mtFevalConsoleOutput(Ljava/lang/String;[Ljava/lang/Object;I)Ljava/lang/Object;+58
j  com.mathworks.mde.desk.MLDesktop$8.run()V+14
j  com.mathworks.jmi.NativeMatlab.dispatchMTRequests(Z)V+50
v  ~StubRoutines::call_stub

---------------  P R O C E S S  ---------------

Java Threads: ( => current thread )
  0x000000003cb63800 JavaThread "Image Fetcher 0" daemon [_thread_blocked, id=196, stack(0x00000000138f0000,0x0000000013970000)]
  0x000000003cb66000 JavaThread "Inactive RequestProcessor thread [Was:TimedSoftReference/org.openide.util.TimedSoftReference]" daemon [_thread_blocked, id=1592, stack(0x0000000013850000,0x00000000138d0000)]
  0x000000003cb64800 JavaThread "Timer-3" [_thread_blocked, id=5392, stack(0x000000003e1c0000,0x000000003e240000)]
  0x000000003cb63000 JavaThread "Active Reference Queue Daemon" daemon [_thread_blocked, id=632, stack(0x000000003dcd0000,0x000000003dd50000)]
  0x000000003cb62000 JavaThread "Timer-2" daemon [_thread_blocked, id=5788, stack(0x000000002dbf0000,0x000000002dc70000)]
  0x000000003cb61800 JavaThread "Timer-1" daemon [_thread_blocked, id=2152, stack(0x0000000035f40000,0x0000000035fc0000)]
  0x000000003cb60000 JavaThread "FelixPackageAdmin" daemon [_thread_blocked, id=5608, stack(0x0000000031d40000,0x0000000031dc0000)]
  0x000000003ca1f000 JavaThread "FelixStartLevel" daemon [_thread_blocked, id=4740, stack(0x0000000038c40000,0x0000000038cc0000)]
  0x000000003ca1e800 JavaThread "FelixDispatchQueue" daemon [_thread_blocked, id=5564, stack(0x0000000037610000,0x0000000037690000)]
  0x000000003c84a800 JavaThread "TimerQueue" daemon [_thread_blocked, id=5316, stack(0x0000000033300000,0x0000000033380000)]
  0x000000003c39b000 JavaThread "AWT-EventQueue-0" [_thread_in_Java, id=5476, stack(0x0000000012620000,0x00000000126a0000)]
  0x000000003c276000 JavaThread "com.google.common.base.internal.Finalizer" daemon [_thread_blocked, id=5104, stack(0x0000000004ce0000,0x0000000004d60000)]
  0x000000003c14d000 JavaThread "AWT-Windows" daemon [_thread_in_native, id=3272, stack(0x0000000004e40000,0x0000000004ec0000)]
  0x000000003c14c800 JavaThread "AWT-Shutdown" [_thread_blocked, id=824, stack(0x0000000004ec0000,0x0000000004f40000)]
  0x000000003c1f3000 JavaThread "Java2D Disposer" daemon [_thread_blocked, id=4764, stack(0x0000000004d70000,0x0000000004df0000)]
  0x000000003bb6f000 JavaThread "Timer-0" [_thread_blocked, id=3424, stack(0x000000000d680000,0x000000000d700000)]
  0x000000003ba8b000 JavaThread "JMI Unnamed Thread" [_thread_in_native, id=3772, stack(0x00000000095f0000,0x000000000aaf0000)]
  0x000000000f58e000 JavaThread "Low Memory Detector" daemon [_thread_blocked, id=1596, stack(0x000000000f1b0000,0x000000000f230000)]
  0x000000000f587000 JavaThread "CompilerThread1" daemon [_thread_blocked, id=1304, stack(0x0000000038cd0000,0x000000003a1d0000)]
  0x000000000f581000 JavaThread "CompilerThread0" daemon [_thread_blocked, id=4364, stack(0x00000000376e0000,0x0000000038be0000)]
  0x000000000f580800 JavaThread "Attach Listener" daemon [_thread_blocked, id=3500, stack(0x000000000c0a0000,0x000000000c120000)]
  0x000000000f527800 JavaThread "Finalizer" daemon [_thread_blocked, id=2908, stack(0x000000000f260000,0x000000000f2e0000)]
  0x000000000f51d800 JavaThread "Reference Handler" daemon [_thread_blocked, id=2856, stack(0x000000000f0f0000,0x000000000f170000)]
=>0x0000000002475800 JavaThread "main" [_thread_in_native, id=4956, stack(0x0000000000200000,0x0000000001700000)]

Other Threads:
  0x000000000f518800 VMThread [stack: 0x0000000036110000,0x0000000037610000] [id=5280]
  0x000000000f5b2800 WatcherThread [stack: 0x000000003a320000,0x000000003b820000] [id=4952]

VM state:not at safepoint (normal execution)

VM Mutex/Monitor currently owned by a thread:  ([mutex/lock_event])
[0x00000000024743e0] MethodData_lock - owner thread: 0x0000000000000000

Heap
 PSYoungGen      total 32960K, used 21641K [0x0000000027f10000, 0x000000002b010000, 0x000000002b010000)
  eden space 19968K, 45% used [0x0000000027f10000,0x00000000287eef90,0x0000000029290000)
  from space 12992K, 96% used [0x000000002a360000,0x000000002afa34e8,0x000000002b010000)
  to   space 15104K, 0% used [0x0000000029290000,0x0000000029290000,0x000000002a150000)
 PSOldGen        total 61696K, used 29287K [0x000000001ec10000, 0x0000000022850000, 0x0000000027f10000)
  object space 61696K, 47% used [0x000000001ec10000,0x00000000208a9e48,0x0000000022850000)
 PSPermGen       total 83776K, used 49969K [0x0000000016c10000, 0x000000001bde0000, 0x000000001ec10000)
  object space 83776K, 59% used [0x0000000016c10000,0x0000000019cdc4e0,0x000000001bde0000)

Dynamic libraries:
0x000000013fd10000 - 0x000000013fd39000 	C:\Program Files\Matlab\R2011a\bin\win64\MATLAB.exe
0x0000000077210000 - 0x00000000773b9000 	C:\Windows\SYSTEM32\ntdll.dll
0x00000000770f0000 - 0x000000007720f000 	C:\Windows\system32\kernel32.dll
0x000007fefd8f0000 - 0x000007fefd95c000 	C:\Windows\system32\KERNELBASE.dll
0x0000000074460000 - 0x0000000074569000 	C:\Program Files\Matlab\R2011a\bin\win64\libut.dll
0x00000000758a0000 - 0x0000000075920000 	C:\Program Files\Matlab\R2011a\bin\win64\libmwi18n.dll
0x0000000180000000 - 0x000000018000b000 	C:\Program Files\Matlab\R2011a\bin\win64\libmwresource_core.dll
0x0000000072bd0000 - 0x0000000072ca3000 	C:\Windows\WinSxS\amd64_microsoft.vc90.crt_1fc8b3b9a1e18e3b_9.0.30729.6161_none_08e61857a83bc251\MSVCP90.dll
0x0000000072cb0000 - 0x0000000072d53000 	C:\Windows\WinSxS\amd64_microsoft.vc90.crt_1fc8b3b9a1e18e3b_9.0.30729.6161_none_08e61857a83bc251\MSVCR90.dll
0x000000007a3b0000 - 0x000000007a3c0000 	C:\Program Files\Matlab\R2011a\bin\win64\boost_date_time-vc90-mt-1_40.dll
0x000000007a170000 - 0x000000007a189000 	C:\Program Files\Matlab\R2011a\bin\win64\boost_filesystem-vc90-mt-1_40.dll
0x000000007a560000 - 0x000000007a569000 	C:\Program Files\Matlab\R2011a\bin\win64\boost_system-vc90-mt-1_40.dll
0x000000007a2d0000 - 0x000000007a2e2000 	C:\Program Files\Matlab\R2011a\bin\win64\boost_thread-vc90-mt-1_40.dll
0x000000007a010000 - 0x000000007a035000 	C:\Program Files\Matlab\R2011a\bin\win64\LIBEXPAT.dll
0x00000000739d0000 - 0x0000000073b8c000 	C:\Program Files\Matlab\R2011a\bin\win64\icuin42.dll
0x00000000740b0000 - 0x0000000074223000 	C:\Program Files\Matlab\R2011a\bin\win64\icuuc42.dll
0x000007feff370000 - 0x000007feff44b000 	C:\Windows\system32\ADVAPI32.dll
0x000007fefe100000 - 0x000007fefe19f000 	C:\Windows\system32\msvcrt.dll
0x000007feff220000 - 0x000007feff23f000 	C:\Windows\SYSTEM32\sechost.dll
0x000007feff240000 - 0x000007feff36d000 	C:\Windows\system32\RPCRT4.dll
0x0000000010000000 - 0x0000000010f47000 	C:\Program Files\Matlab\R2011a\bin\win64\icudt42.dll
0x0000000073f70000 - 0x000000007407d000 	C:\Program Files\Matlab\R2011a\bin\win64\libmwfl.dll
0x0000000001770000 - 0x0000000001803000 	C:\Program Files\Matlab\R2011a\bin\win64\libmwMATLAB_res.dll
0x000000007a250000 - 0x000000007a263000 	C:\Program Files\Matlab\R2011a\bin\win64\boost_signals-vc90-mt-1_40.dll
0x0000000001830000 - 0x0000000001876000 	C:\Program Files\Matlab\R2011a\bin\win64\tbb.dll
0x000007fefdc20000 - 0x000007fefdc39000 	C:\Windows\system32\imagehlp.dll
0x00000000773e0000 - 0x00000000773e7000 	C:\Windows\system32\PSAPI.DLL
0x000000007a3d0000 - 0x000000007a3e3000 	C:\Program Files\Matlab\R2011a\bin\win64\icuio42.dll
0x000007fef6810000 - 0x000007fef6935000 	C:\Windows\system32\dbghelp.dll
0x0000000076ff0000 - 0x00000000770ea000 	C:\Windows\system32\USER32.dll
0x000007fefdf70000 - 0x000007fefdfd7000 	C:\Windows\system32\GDI32.dll
0x000007fefdc40000 - 0x000007fefdc4e000 	C:\Windows\system32\LPK.dll
0x000007feff450000 - 0x000007feff519000 	C:\Windows\system32\USP10.dll
0x000000007bed0000 - 0x000000007c0f5000 	C:\Program Files\Matlab\R2011a\bin\win64\libmwservices.dll
0x0000000075a20000 - 0x0000000075ab2000 	C:\Program Files\Matlab\R2011a\bin\win64\libmx.dll
0x000000007a210000 - 0x000000007a226000 	C:\Program Files\Matlab\R2011a\bin\win64\zlib1.dll
0x0000000074330000 - 0x000000007444b000 	C:\Program Files\Matlab\R2011a\bin\win64\libmwmathutil.dll
0x0000000074920000 - 0x0000000074974000 	C:\Program Files\Matlab\R2011a\bin\win64\mpath.dll
0x000000007b680000 - 0x000000007b982000 	C:\Program Files\Matlab\R2011a\bin\win64\mlutil.dll
0x0000000074890000 - 0x0000000074912000 	C:\Program Files\Matlab\R2011a\bin\win64\xmlcore.dll
0x000000007bc30000 - 0x000000007be83000 	C:\Program Files\Matlab\R2011a\bin\win64\xerces-c_2_7.dll
0x000007feff150000 - 0x000007feff19d000 	C:\Windows\system32\WS2_32.dll
0x000007fefef30000 - 0x000007fefef38000 	C:\Windows\system32\NSI.dll
0x000007fefe1a0000 - 0x000007fefef28000 	C:\Windows\system32\SHELL32.dll
0x000007feff1a0000 - 0x000007feff211000 	C:\Windows\system32\SHLWAPI.dll
0x000007fef57a0000 - 0x000007fef5840000 	C:\Windows\WinSxS\amd64_microsoft.windows.common-controls_6595b64144ccf1df_5.82.7601.17514_none_a4d6a923711520a9\COMCTL32.dll
0x000007fefef40000 - 0x000007fefefd7000 	C:\Windows\system32\COMDLG32.dll
0x000007fefb610000 - 0x000007fefb626000 	C:\Windows\system32\NETAPI32.dll
0x000007fefb600000 - 0x000007fefb60c000 	C:\Windows\system32\netutils.dll
0x000007fefd1c0000 - 0x000007fefd1e3000 	C:\Windows\system32\srvcli.dll
0x000007fefb5e0000 - 0x000007fefb5f5000 	C:\Windows\system32\wkscli.dll
0x000007fefdc50000 - 0x000007fefde53000 	C:\Windows\system32\ole32.dll
0x000007fefde60000 - 0x000007fefdf37000 	C:\Windows\system32\OLEAUT32.dll
0x0000000001910000 - 0x00000000019d4000 	C:\Program Files\Matlab\R2011a\bin\win64\mcr.dll
0x0000000075000000 - 0x00000000750e4000 	C:\Program Files\Matlab\R2011a\bin\win64\iqm.dll
0x0000000068b20000 - 0x00000000692bc000 	C:\Program Files\Matlab\R2011a\bin\win64\m_interpreter.dll
0x00000000749d0000 - 0x00000000749df000 	C:\Program Files\Matlab\R2011a\bin\win64\libmex.dll
0x000000006b190000 - 0x000000006b234000 	C:\Program Files\Matlab\R2011a\bin\win64\m_dispatcher.dll
0x0000000001a30000 - 0x0000000001af5000 	C:\Program Files\Matlab\R2011a\bin\win64\boost_regex-vc90-mt-1_40.dll
0x000000006b270000 - 0x000000006b2ef000 	C:\Program Files\Matlab\R2011a\bin\win64\profiler.dll
0x0000000079f40000 - 0x0000000079f6c000 	C:\Program Files\Matlab\R2011a\bin\win64\libmwmathrng.dll
0x00000000749b0000 - 0x00000000749d0000 	C:\Program Files\Matlab\R2011a\bin\win64\m_pcodeio.dll
0x0000000079b10000 - 0x0000000079b71000 	C:\Program Files\Matlab\R2011a\bin\win64\m_ir.dll
0x0000000069420000 - 0x0000000069a5b000 	C:\Program Files\Matlab\R2011a\bin\win64\m_parser.dll
0x0000000074990000 - 0x00000000749a9000 	C:\Program Files\Matlab\R2011a\bin\win64\ir_xfmr.dll
0x000000006af40000 - 0x000000006b18b000 	C:\Program Files\Matlab\R2011a\bin\win64\mcos.dll
0x0000000074980000 - 0x000000007498c000 	C:\Program Files\Matlab\R2011a\bin\win64\mtok.dll
0x0000000074860000 - 0x000000007488b000 	C:\Program Files\Matlab\R2011a\bin\win64\m_pcodegen.dll
0x0000000076160000 - 0x00000000761c2000 	C:\Program Files\Matlab\R2011a\bin\win64\libmwspmatrix.dll
0x0000000079fb0000 - 0x0000000079fde000 	C:\Program Files\Matlab\R2011a\bin\win64\libmwbridge.dll
0x000000006ae80000 - 0x000000006af39000 	C:\Program Files\Matlab\R2011a\bin\win64\udd.dll
0x00000000692d0000 - 0x0000000069411000 	C:\Program Files\Matlab\R2011a\bin\win64\libmwgui.dll
0x0000000074840000 - 0x0000000074857000 	C:\Program Files\Matlab\R2011a\bin\win64\graphics_util.dll
0x00000000682a0000 - 0x0000000068b20000 	C:\Program Files\Matlab\R2011a\bin\win64\hg.dll
0x0000000076100000 - 0x000000007614f000 	C:\Program Files\Matlab\R2011a\bin\win64\libmat.dll
0x0000000001c10000 - 0x0000000001e13000 	C:\Program Files\Matlab\R2011a\bin\win64\libhdf5.dll
0x000000006ad90000 - 0x000000006ae0b000 	C:\Program Files\Matlab\R2011a\bin\win64\jmi.dll
0x0000000001e40000 - 0x0000000001e4e000 	C:\Program Files\Matlab\R2011a\bin\win64\nativejava_services.dll
0x000000006b3f0000 - 0x000000006b42c000 	C:\Program Files\Matlab\R2011a\bin\win64\libmwhardcopy.dll
0x000000006a100000 - 0x000000006a158000 	C:\Program Files\Matlab\R2011a\bin\win64\libuij.dll
0x00000000680b0000 - 0x0000000068293000 	C:\Program Files\Matlab\R2011a\bin\win64\hgdatatypes.dll
0x0000000067ff0000 - 0x00000000680ac000 	C:\Program Files\Matlab\R2011a\bin\win64\hgutils.dll
0x0000000067f70000 - 0x0000000067fec000 	C:\Program Files\Matlab\R2011a\bin\win64\libmwlapack.dll
0x000000006b390000 - 0x000000006b3a2000 	C:\Program Files\Matlab\R2011a\bin\win64\libmwbinder.dll
0x000000006b380000 - 0x000000006b38b000 	C:\Program Files\Matlab\R2011a\bin\win64\libmwompwrapper.dll
0x0000000001ed0000 - 0x0000000002194000 	C:\Program Files\Matlab\R2011a\bin\win64\uiw.dll
0x0000000071650000 - 0x000000007165a000 	C:\Program Files\Matlab\R2011a\bin\win64\uinone.dll
0x0000000067a80000 - 0x0000000067f64000 	C:\Windows\WinSxS\amd64_microsoft.vc90.mfc_1fc8b3b9a1e18e3b_9.0.30729.6161_none_044aad0bab1eb146\mfc90.dll
0x000007fefad50000 - 0x000007fefad57000 	C:\Windows\system32\MSIMG32.dll
0x000007fefb7e0000 - 0x000007fefb851000 	C:\Windows\system32\WINSPOOL.DRV
0x00000000679d0000 - 0x0000000067a79000 	C:\Program Files\Matlab\R2011a\bin\win64\udd_mi.dll
0x000000006b360000 - 0x000000006b37b000 	C:\Program Files\Matlab\R2011a\bin\win64\mwoles05.DLL
0x0000000067960000 - 0x00000000679ce000 	C:\Program Files\Matlab\R2011a\bin\win64\comcli.dll
0x0000000074a00000 - 0x0000000074a2f000 	C:\Windows\WinSxS\amd64_microsoft.vc90.atl_1fc8b3b9a1e18e3b_9.0.30729.6161_none_0a1fd3a3a768b895\ATL90.DLL
0x000000006b260000 - 0x000000006b26c000 	C:\Program Files\Matlab\R2011a\bin\win64\mlautoregister.dll
0x0000000002200000 - 0x000000000220d000 	C:\Program Files\Matlab\R2011a\bin\win64\boost_iostreams-vc90-mt-1_40.dll
0x000007fefdf40000 - 0x000007fefdf6e000 	C:\Windows\system32\IMM32.DLL
0x000007feff040000 - 0x000007feff149000 	C:\Windows\system32\MSCTF.dll
0x000007fefc0e0000 - 0x000007fefc136000 	C:\Windows\system32\UxTheme.dll
0x000007fefbb10000 - 0x000007fefbb28000 	C:\Windows\system32\dwmapi.dll
0x0000000074a30000 - 0x0000000074a3d000 	C:\Windows\WinSxS\amd64_microsoft.vc90.mfcloc_1fc8b3b9a1e18e3b_9.0.30729.6161_none_01c9581e60cbee58\MFC90ENU.DLL
0x000007fefd670000 - 0x000007fefd67f000 	C:\Windows\system32\profapi.dll
0x000007fefd5a0000 - 0x000007fefd5af000 	C:\Windows\system32\CRYPTBASE.dll
0x000007fefc2c0000 - 0x000007fefc4b4000 	C:\Windows\WinSxS\amd64_microsoft.windows.common-controls_6595b64144ccf1df_6.0.7601.17514_none_fa396087175ac9ac\comctl32.dll
0x000007fefda40000 - 0x000007fefdc17000 	C:\Windows\system32\SETUPAPI.dll
0x000007fefda00000 - 0x000007fefda36000 	C:\Windows\system32\CFGMGR32.dll
0x000007fefd8d0000 - 0x000007fefd8ea000 	C:\Windows\system32\DEVOBJ.dll
0x000007fefdfe0000 - 0x000007fefe079000 	C:\Windows\system32\CLBCatQ.DLL
0x000007fefc140000 - 0x000007fefc26c000 	C:\Windows\system32\propsys.dll
0x000007fefb440000 - 0x000007fefb46d000 	C:\Windows\system32\ntmarta.dll
0x000007fefefe0000 - 0x000007feff032000 	C:\Windows\system32\WLDAP32.dll
0x0000000002590000 - 0x00000000025b9000 	C:\Program Files\Matlab\R2011a\bin\win64\tbbmalloc.dll
0x000007fefad10000 - 0x000007fefad37000 	C:\Windows\system32\iphlpapi.dll
0x000007fefad00000 - 0x000007fefad0b000 	C:\Windows\system32\WINNSI.DLL
0x000007fefcd50000 - 0x000007fefcdab000 	C:\Windows\system32\DNSAPI.dll
0x000007fefa900000 - 0x000007fefa918000 	C:\Windows\system32\dhcpcsvc.DLL
0x000007fefa8e0000 - 0x000007fefa8f1000 	C:\Windows\system32\dhcpcsvc6.DLL
0x000007fefd510000 - 0x000007fefd535000 	C:\Windows\system32\SspiCli.dll
0x000000006b250000 - 0x000000006b253000 	C:\Windows\system32\icmp.Dll
0x0000000078870000 - 0x0000000078ecd000 	C:\Program Files\Matlab\R2011a\sys\java\jre\win64\jre\bin\server\jvm.dll
0x000007fefb280000 - 0x000007fefb2bb000 	C:\Windows\system32\WINMM.dll
0x000000007a440000 - 0x000000007a44e000 	C:\Program Files\Matlab\R2011a\sys\java\jre\win64\jre\bin\verify.dll
0x000000007a070000 - 0x000000007a097000 	C:\Program Files\Matlab\R2011a\sys\java\jre\win64\jre\bin\java.dll
0x000000007a540000 - 0x000000007a54a000 	C:\Program Files\Matlab\R2011a\sys\java\jre\win64\jre\bin\hpi.dll
0x000000007a370000 - 0x000000007a382000 	C:\Program Files\Matlab\R2011a\sys\java\jre\win64\jre\bin\zip.dll
0x000000000aaf0000 - 0x000000000ab55000 	C:\Program Files\Lenovo\Bluetooth Software\btmmhook.dll
0x0000000075b90000 - 0x0000000075bfb000 	C:\Program Files\Matlab\R2011a\sys\java\jre\win64\jre\bin\fontmanager.dll
0x0000000073150000 - 0x0000000073311000 	C:\Program Files\Matlab\R2011a\sys\java\jre\win64\jre\bin\awt.dll

VM Arguments:
jvm_args: -Xss512k -XX:PermSize=32m -Xms64m -XX:NewRatio=3 -XX:MaxPermSize=128m -Xmx196m -XX:MaxDirectMemorySize=2147400000 -Dsun.java2d.noddraw=true -Dsun.awt.nopixfmt=true -Xshare:off -Xrs -Dsun.awt.disableMixing=true -Djava.library.path=C:\Program Files\Matlab\R2011a\bin\win64 vfprintf abort 
java_command: <unknown>
Launcher Type: generic

Environment Variables:
PATH=C:\Program Files\Common Files\Microsoft Shared\Windows Live;c:\Program Files (x86)\NVIDIA Corporation\PhysX\Common;C:\Windows\system32;C:\Windows;C:\Windows\System32\Wbem;C:\Windows\System32\WindowsPowerShell\v1.0\;C:\Program Files\Lenovo\Bluetooth Software\;C:\Program Files\Lenovo\Bluetooth Software\syswow64;c:\Program Files (x86)\Microsoft SQL Server\90\Tools\binn\;C:\Program Files\SlikSvn\bin\;C:\Program Files\TortoiseSVN\bin;C:\Program Files\Matlab\R2011a\runtime\win64;C:\Program Files\Matlab\R2011a\bin;c:\Program Files (x86)\Microsoft SQL Server\100\Tools\Binn\;c:\Program Files\Microsoft SQL Server\100\Tools\Binn\;c:\Program Files\Microsoft SQL Server\100\DTS\Binn\;C:\Program Files\Microsoft Windows Performance Toolkit\
USERNAME=Loren
OS=Windows_NT
PROCESSOR_IDENTIFIER=Intel64 Family 6 Model 30 Stepping 5, GenuineIntel



---------------  S Y S T E M  ---------------

OS: Windows 7 Build 7601 Service Pack 1

CPU:total 8 (8 cores per cpu, 2 threads per core) family 6 model 30 stepping 5, cmov, cx8, fxsr, mmx, sse, sse2, sse3, ssse3, sse4.1, sse4.2, ht

Memory: 4k page, physical 4184940k(1710540k free), swap 8368028k(5519544k free)

vm_info: Java HotSpot(TM) 64-Bit Server VM (14.3-b01) for windows-amd64 JRE (1.6.0_17-b04), built on Oct 11 2009 00:46:08 by "java_re" with MS VC++ 8.0

time: Tue Apr 17 15:42:59 2012
elapsed time: 81 seconds

